<?xml version="1.0" encoding="utf-8"?><testsuites name="pytest tests"><testsuite name="pytest" errors="0" failures="0" skipped="0" tests="115" time="2.169" timestamp="2026-08-07T17:33:13.132888+00:00" hostname="3e5f6c213522"><testcase classname="tests.test_fitting" name="test_direct_fitter_reproduces_synthetic_model_from_truth_start" time="0.071" /><testcase classname="tests.test_fitting" name="test_fourier_baseline_exactly_recovers_known_second_order_signal" time="0.002" /><testcase classname="tests.test_geometric" name="test_geometric_normalized_radius_has_exact_endpoints" time="0.001" /><testcase classname="tests.test_geometric" name="test_geometric_closed_form_matches_raw_minmax_normalization" time="0.001" /><testcase classname="tests.test_geometric" name="test_circular_limit_is_non_degenerate_shape_limit" time="0.001" /><testcase classname="tests.test_historical" name="test_declared_phase_is_ignored_in_printed_code_path" time="0.003" /><testcase classname="tests.test_historical" name="test_approximate_cube_root_changes_scale_and_cycle_closure" time="0.002" /><testcase classname="tests.test_historical" name="test_historical_circular_normalization_is_numerically_degenerate" time="0.001" /><testcase classname="tests.test_io_preprocess" name="test_ogle_parser_reads_three_columns" time="0.003" /><testcase classname="tests.test_io_preprocess" name="test_ogle_parser_rejects_wrong_column_count" time="0.001" /><testcase classname="tests.test_io_preprocess" name="test_sha256_is_deterministic" time="0.001" /><testcase classname="tests.test_io_preprocess" name="test_cleaner_removes_only_large_error" time="0.001" /><testcase classname="tests.test_io_preprocess" name="test_fold_phase_wraps_to_unit_interval" time="0.000" /><testcase classname="tests.test_io_preprocess" name="test_train_minmax_applies_train_bounds_to_test" time="0.000" /><testcase classname="tests.test_io_preprocess" name="test_inverse_variance_weights_have_median_one" time="0.001" /><testcase classname="tests.test_io_preprocess" name="test_real_target_manifest_has_twenty_unique_stars" time="0.001" /><testcase classname="tests.test_io_preprocess" name="test_official_ogle_url_is_deterministic" time="0.001" /><testcase classname="tests.test_io_preprocess" name="test_official_ogle_url_rejects_bad_identifier" time="0.000" /><testcase classname="tests.test_iurm" name="test_iurm_sweep_changes_only_the_active_dimension" time="0.004" /><testcase classname="tests.test_kepler" name="test_kepler_solver_residual_is_small_across_eccentricity_range" time="0.002" /><testcase classname="tests.test_kepler" name="test_kepler_normalized_radius_has_expected_extrema" time="0.001" /><testcase classname="tests.test_kepler" name="test_circular_kepler_limit_matches_cosine_shape" time="0.000" /><testcase classname="tests.test_lightcurve" name="test_curve_is_sorted_stably" time="0.000" /><testcase classname="tests.test_lightcurve" name="test_curve_arrays_are_read_only" time="0.000" /><testcase classname="tests.test_lightcurve" name="test_curve_rejects_nonpositive_errors" time="0.000" /><testcase classname="tests.test_lightcurve" name="test_subset_accepts_boolean_mask" time="0.000" /><testcase classname="tests.test_lightcurve" name="test_subset_rejects_empty_selection" time="0.000" /><testcase classname="tests.test_lightcurve" name="test_magnitude_to_flux_is_monotonic" time="0.000" /><testcase classname="tests.test_lightcurve" name="test_flux_conversion_is_idempotent" time="0.000" /><testcase classname="tests.test_model" name="test_corrected_model_is_deterministic" time="0.001" /><testcase classname="tests.test_model" name="test_all_four_declared_dimensions_are_effective" time="0.003" /><testcase classname="tests.test_model" name="test_phase_shift_is_continuous_not_integer_quantized" time="0.001" /><testcase classname="tests.test_model" name="test_canonical_normalization_is_independent_of_observation_subset" time="0.001" /><testcase classname="tests.test_model" name="test_geometric_and_kepler_time_laws_are_distinct_for_nonzero_eccentricity" time="0.002" /><testcase classname="tests.test_model" name="test_degenerate_component_cancellation_is_rejected" time="0.001" /><testcase classname="tests.test_model" name="test_evaluation_exposes_audit_metadata" time="0.001" /><testcase classname="tests.test_normalization" name="test_positive_affine_normalization_invariance" time="0.000" /><testcase classname="tests.test_normalization" name="test_reference_values_control_scaling" time="0.000" /><testcase classname="tests.test_normalization" name="test_degenerate_normalization_is_explicit" time="0.000" /><testcase classname="tests.test_parameters" name="test_phase_is_wrapped_to_canonical_interval" time="0.001" /><testcase classname="tests.test_parameters" name="test_invalid_parameters_are_rejected" time="0.000" /><testcase classname="tests.test_parameters" name="test_one_dimension_replacement_preserves_other_dimensions" time="0.000" /><testcase classname="tests.test_parameters" name="test_from_iterable_requires_exactly_four_values" time="0.000" /><testcase classname="tests.test_phase02_models_metrics" name="test_peak_aligned_waveform_has_maximum_at_zero" time="0.001" /><testcase classname="tests.test_phase02_models_metrics" name="test_peak_phase_is_in_unit_interval_for_both_laws" time="0.001" /><testcase classname="tests.test_phase02_models_metrics" name="test_predict_fourier_reproduces_training_prediction" time="0.001" /><testcase classname="tests.test_phase02_models_metrics" name="test_bic_selects_first_order_for_clean_sinusoid" time="0.001" /><testcase classname="tests.test_phase02_models_metrics" name="test_fourier_rejects_saturated_parameter_count" time="0.000" /><testcase classname="tests.test_phase02_models_metrics" name="test_weighted_rmse_emphasizes_large_weight" time="0.000" /><testcase classname="tests.test_phase02_models_metrics" name="test_metric_bundle_sorts_residuals_by_phase" time="0.000" /><testcase classname="tests.test_phase02_models_metrics" name="test_information_criteria_are_finite" time="0.000" /><testcase classname="tests.test_phase02_models_metrics" name="test_durbin_watson_zero_for_exact_fit_residual" time="0.000" /><testcase classname="tests.test_phase02_models_metrics" name="test_stable_fourier_selection_rejects_large_span_candidate" time="0.002" /><testcase classname="tests.test_phase03_cross_validation" name="test_circular_folds_are_deterministic_and_disjoint" time="0.001" /><testcase classname="tests.test_phase03_cross_validation" name="test_circular_folds_depend_on_label_without_using_flux_values" time="0.001" /><testcase classname="tests.test_phase03_cross_validation" name="test_circular_folds_normalize_phase_modulo_one" time="0.001" /><testcase classname="tests.test_phase03_cross_validation" name="test_circular_folds_reject_invalid_partitions[phase0-2-1]" time="0.000" /><testcase classname="tests.test_phase03_cross_validation" name="test_circular_folds_reject_invalid_partitions[phase1-3-1]" time="0.000" /><testcase classname="tests.test_phase03_cross_validation" name="test_circular_folds_reject_invalid_partitions[phase2-2-3]" time="0.000" /><testcase classname="tests.test_phase03_kernels" name="test_periodic_kernel_is_symmetric_and_periodic" time="0.000" /><testcase classname="tests.test_phase03_kernels" name="test_periodic_kernel_fit_predicts_training_signal" time="0.002" /><testcase classname="tests.test_phase03_kernels" name="test_periodic_kernel_prediction_wraps_phase" time="0.001" /><testcase classname="tests.test_phase03_kernels" name="test_periodic_kernel_selection_is_deterministic" time="0.026" /><testcase classname="tests.test_phase03_kernels" name="test_periodic_kernel_selection_rejects_constant_target" time="0.001" /><testcase classname="tests.test_phase03_kernels" name="test_periodic_kernel_rejects_nonpositive_hyperparameters[0.0-0.1]" time="0.000" /><testcase classname="tests.test_phase03_kernels" name="test_periodic_kernel_rejects_nonpositive_hyperparameters[0.5-0.0]" time="0.000" /><testcase classname="tests.test_phase03_kernels" name="test_periodic_kernel_rejects_nonpositive_hyperparameters[-1.0-0.1]" time="0.000" /><testcase classname="tests.test_phase03_sealing" name="test_seal_is_canonical_and_detects_mutation" time="0.000" /><testcase classname="tests.test_phase03_sealing" name="test_stratified_partition_is_deterministic_and_balanced" time="0.000" /><testcase classname="tests.test_phase03_sealing" name="test_sealed_evaluation_guard_blocks_overlap" time="0.000" /><testcase classname="tests.test_phase03_sealing" name="test_stratified_partition_rejects_duplicate_ids" time="0.000" /><testcase classname="tests.test_phase03_sealing" name="test_stratified_partition_rejects_underfilled_stratum" time="0.000" /><testcase classname="tests.test_phase03_uncertainty_statistics" name="test_absolute_interval_uses_finite_sample_rank" time="0.003" /><testcase classname="tests.test_phase03_uncertainty_statistics" name="test_standardized_interval_scales_width" time="0.000" /><testcase classname="tests.test_phase03_uncertainty_statistics" name="test_interval_metrics_count_misses_and_score" time="0.001" /><testcase classname="tests.test_phase03_uncertainty_statistics" name="test_prediction_interval_requires_scale_only_when_standardized" time="0.001" /><testcase classname="tests.test_phase03_uncertainty_statistics" name="test_paired_bootstrap_is_deterministic_and_interpretable" time="0.003" /><testcase classname="tests.test_phase03_uncertainty_statistics" name="test_paired_bootstrap_ties_have_unit_sign_test_p_value" time="0.001" /><testcase classname="tests.test_phase03_uncertainty_statistics" name="test_paired_bootstrap_rejects_invalid_inputs[first0-second0-100]" time="0.000" /><testcase classname="tests.test_phase03_uncertainty_statistics" name="test_paired_bootstrap_rejects_invalid_inputs[first1-second1-100]" time="0.000" /><testcase classname="tests.test_phase03_uncertainty_statistics" name="test_paired_bootstrap_rejects_invalid_inputs[first2-second2-10]" time="0.000" /><testcase classname="tests.test_phase04_population" name="test_population_audit_passes_complete_small_contract" time="0.001" /><testcase classname="tests.test_phase04_population" name="test_population_audit_rejects_prior_exposure" time="0.001" /><testcase classname="tests.test_phase04_population" name="test_population_audit_rejects_hash_mismatch" time="0.001" /><testcase classname="tests.test_phase04_population" name="test_population_audit_rejects_quality_deficit" time="0.001" /><testcase classname="tests.test_phase04_population" name="test_population_audit_rejects_underfilled_stratum" time="0.001" /><testcase classname="tests.test_phase04_population" name="test_population_audit_rejects_path_escape" time="0.001" /><testcase classname="tests.test_phase04_population" name="test_population_role_manifest_links_and_verifies_artifacts" time="0.001" /><testcase classname="tests.test_phase04_population" name="test_population_role_manifest_refuses_failed_audit" time="0.001" /><testcase classname="tests.test_provenance" name="test_manifest_round_trip" time="0.001" /><testcase classname="tests.test_provenance" name="test_manifest_detects_changed_file" time="0.002" /><testcase classname="tests.test_provenance" name="test_repository_iterator_rejects_symlink" time="0.001" /><testcase classname="tests.test_shell" name="test_surface_density_scales_as_inverse_radius_squared" time="0.000" /><testcase classname="tests.test_shell" name="test_optical_depth_is_opacity_times_surface_density" time="0.000" /><testcase classname="tests.test_shell" name="test_minimum_radius_inverts_optical_depth" time="0.000" /><testcase classname="tests.test_shell" name="test_ideal_spherical_shell_has_zero_interior_acceleration" time="0.000" /><testcase classname="tests.test_shell" name="test_shell_acceleration_rejects_point_on_shell" time="0.000" /><testcase classname="tests.test_spectral" name="test_q_eccentricity_round_trip" time="0.001" /><testcase classname="tests.test_spectral" name="test_complex_coefficients_are_stable_near_circular_limit" time="0.000" /><testcase classname="tests.test_spectral" name="test_radius_fourier_series_matches_closed_form" time="0.002" /><testcase classname="tests.test_spectral" name="test_analytic_raw_coefficients_match_numerical_fft" time="0.003" /><testcase classname="tests.test_spectral" name="test_geometric_harmonics_satisfy_second_order_recurrence" time="0.000" /><testcase classname="tests.test_spectral" name="test_final_minmax_scaling_preserves_nonzero_harmonic_recurrence" time="0.018" /><testcase classname="tests.test_splits_period" name="test_phase_block_split_is_deterministic" time="0.001" /><testcase classname="tests.test_splits_period" name="test_phase_block_split_has_no_overlap" time="0.001" /><testcase classname="tests.test_splits_period" name="test_star_partition_never_splits_identity" time="0.000" /><testcase classname="tests.test_splits_period" name="test_phase_dispersion_prefers_true_period" time="0.001" /><testcase classname="tests.test_splits_period" name="test_period_verification_returns_small_delta_for_clean_signal" time="0.012" /><testcase classname="tests.test_splits_period" name="test_epoch_estimator_places_peak_near_zero" time="0.001" /><testcase classname="tests.test_splits_period" name="test_invalid_period_grid_count_is_rejected" time="0.000" /><testcase classname="tests.test_splits_period" name="test_adaptive_period_scan_stops_on_interior_solution" time="0.005" /><testcase classname="tests.test_splits_period" name="test_adaptive_period_scan_validates_span_order" time="0.000" /><testcase classname="tests.test_validation_phase02" name="test_observational_pipeline_is_deterministic" time="0.353" /><testcase classname="tests.test_validation_phase02" name="test_observational_pipeline_never_uses_same_point_in_both_sets" time="0.412" /><testcase classname="tests.test_validation_phase02" name="test_test_predictions_are_present_for_all_four_models" time="0.406" /></testsuite></testsuites>