<?xml version="1.0" encoding="utf-8"?><testsuites name="pytest tests"><testsuite name="pytest" errors="0" failures="0" skipped="0" tests="32" time="0.476" timestamp="2026-08-07T07:36:22.893951+00:00" hostname="da55465fda0a"><testcase classname="tests.test_fitting" name="test_direct_fitter_reproduces_synthetic_model_from_truth_start" time="0.075" /><testcase classname="tests.test_fitting" name="test_fourier_baseline_exactly_recovers_known_second_order_signal" time="0.001" /><testcase classname="tests.test_geometric" name="test_geometric_normalized_radius_has_exact_endpoints" time="0.001" /><testcase classname="tests.test_geometric" name="test_geometric_closed_form_matches_raw_minmax_normalization" time="0.002" /><testcase classname="tests.test_geometric" name="test_circular_limit_is_non_degenerate_shape_limit" time="0.000" /><testcase classname="tests.test_historical" name="test_declared_phase_is_ignored_in_printed_code_path" time="0.003" /><testcase classname="tests.test_historical" name="test_approximate_cube_root_changes_scale_and_cycle_closure" time="0.002" /><testcase classname="tests.test_historical" name="test_historical_circular_normalization_is_numerically_degenerate" time="0.001" /><testcase classname="tests.test_iurm" name="test_iurm_sweep_changes_only_the_active_dimension" time="0.005" /><testcase classname="tests.test_kepler" name="test_kepler_solver_residual_is_small_across_eccentricity_range" time="0.002" /><testcase classname="tests.test_kepler" name="test_kepler_normalized_radius_has_expected_extrema" time="0.001" /><testcase classname="tests.test_kepler" name="test_circular_kepler_limit_matches_cosine_shape" time="0.000" /><testcase classname="tests.test_model" name="test_corrected_model_is_deterministic" time="0.001" /><testcase classname="tests.test_model" name="test_all_four_declared_dimensions_are_effective" time="0.002" /><testcase classname="tests.test_model" name="test_phase_shift_is_continuous_not_integer_quantized" time="0.001" /><testcase classname="tests.test_model" name="test_canonical_normalization_is_independent_of_observation_subset" time="0.001" /><testcase classname="tests.test_model" name="test_geometric_and_kepler_time_laws_are_distinct_for_nonzero_eccentricity" time="0.003" /><testcase classname="tests.test_model" name="test_degenerate_component_cancellation_is_rejected" time="0.001" /><testcase classname="tests.test_model" name="test_evaluation_exposes_audit_metadata" time="0.001" /><testcase classname="tests.test_normalization" name="test_positive_affine_normalization_invariance" time="0.001" /><testcase classname="tests.test_normalization" name="test_reference_values_control_scaling" time="0.000" /><testcase classname="tests.test_normalization" name="test_degenerate_normalization_is_explicit" time="0.000" /><testcase classname="tests.test_parameters" name="test_phase_is_wrapped_to_canonical_interval" time="0.000" /><testcase classname="tests.test_parameters" name="test_invalid_parameters_are_rejected" time="0.000" /><testcase classname="tests.test_parameters" name="test_one_dimension_replacement_preserves_other_dimensions" time="0.000" /><testcase classname="tests.test_parameters" name="test_from_iterable_requires_exactly_four_values" time="0.000" /><testcase classname="tests.test_spectral" name="test_q_eccentricity_round_trip" time="0.001" /><testcase classname="tests.test_spectral" name="test_complex_coefficients_are_stable_near_circular_limit" time="0.001" /><testcase classname="tests.test_spectral" name="test_radius_fourier_series_matches_closed_form" time="0.002" /><testcase classname="tests.test_spectral" name="test_analytic_raw_coefficients_match_numerical_fft" time="0.004" /><testcase classname="tests.test_spectral" name="test_geometric_harmonics_satisfy_second_order_recurrence" time="0.000" /><testcase classname="tests.test_spectral" name="test_final_minmax_scaling_preserves_nonzero_harmonic_recurrence" time="0.012" /></testsuite></testsuites>